<?xml version="1.0" encoding="UTF-8"?>
<!-- Generated by org.testng.reporters.JUnitReportReporter -->
<testsuite hostname="DESKTOP-COQCETM" failures="0" tests="1" name="test.ReadExcelData" time="0.940" errors="0" timestamp="2024-01-30T03:40:36 IST" skipped="0">
  <testcase classname="test.ReadExcelData" name="getData" time="0.940"/>
  <system-out/>
</testsuite> <!-- test.ReadExcelData -->
