<?xml version="1.0" encoding="UTF-8"?>
<!-- Generated by org.testng.reporters.JUnitReportReporter -->
<testsuite hostname="DESKTOP-COQCETM" failures="0" tests="1" name="test.TestNG" time="4.162" errors="0" timestamp="2024-02-12T08:59:45 IST" skipped="0">
  <testcase classname="test.TestNG" name="AddToCart" time="4.162"/>
  <system-out/>
</testsuite> <!-- test.TestNG -->
