<?xml version="1.0" encoding="UTF-8"?>
<!-- Generated by org.testng.reporters.JUnitReportReporter -->
<testsuite hostname="DESKTOP-COQCETM" failures="0" tests="1" name="test.TestNGFramework" time="3.210" errors="0" timestamp="2024-02-27T07:10:30 IST" skipped="0">
  <testcase classname="test.TestNGFramework" name="AddToCart" time="3.210"/>
  <system-out/>
</testsuite> <!-- test.TestNGFramework -->
