<?xml version="1.0" encoding="UTF-8"?>
<!-- Generated by org.testng.reporters.JUnitReportReporter -->
<testsuite hostname="DESKTOP-COQCETM" failures="0" tests="1" name="TestNG.CreateLead" time="15.348" errors="0" timestamp="2023-03-11T12:00:01 IST" skipped="0">
  <testcase classname="TestNG.CreateLead" name="runCreateLead" time="15.348"/>
  <system-out/>
</testsuite> <!-- TestNG.CreateLead -->
