<?xml version="1.0" encoding="UTF-8"?>
<!-- Generated by org.testng.reporters.JUnitReportReporter -->
<testsuite hostname="DESKTOP-COQCETM" failures="0" tests="1" name="TestNGPractice2.Car" time="0.012" errors="0" timestamp="2023-03-12T00:14:52 IST" skipped="0">
  <testcase classname="TestNGPractice2.Car" name="runCar" time="0.012"/>
  <system-out/>
</testsuite> <!-- TestNGPractice2.Car -->
